2019-12-30 21:01:35	Документ №1(2019-11-01). Строка 1: core_DBObject: Запись не найдена
2019-12-30 21:01:35	Файл cron/source/20191101_291546971_1801.txt: успешно обработан! Всего записей - 1
2019-12-30 21:01:35	Документ №2(2019-11-04). Строка 1: 
2019-12-30 21:01:35	Документ №2(2019-11-04). Строка 2: 
2019-12-30 21:01:35	Документ №2(2019-11-04). Строка 3: 
2019-12-30 21:01:35	Файл cron/source/20191104_291546971_1801.txt: успешно обработан! Всего записей - 3
2019-12-30 21:01:35	Документ №3(2019-11-11). Строка 3: 
2019-12-30 21:01:35	Файл cron/source/20191111_291546971_1801.txt: успешно обработан! Всего записей - 3
2019-12-30 21:01:36	Документ №4(2019-11-12). Строка 1: 
2019-12-30 21:01:36	Документ №4(2019-11-12). Строка 2: 
2019-12-30 21:01:36	Файл cron/source/20191112_291546971_1801.txt: успешно обработан! Всего записей - 2
2019-12-30 21:01:36	Документ №5(2019-11-15). Строка 1: 
2019-12-30 21:01:36	Файл cron/source/20191115_291546971_1801.txt: успешно обработан! Всего записей - 1
2019-12-30 21:01:36	Документ №6(2019-11-19). Строка 1: core_DBObject: Запись не найдена
2019-12-30 21:01:36	Документ №6(2019-11-19). Строка 2: 
2019-12-30 21:01:36	Файл cron/source/20191119_291546971_1801.txt: успешно обработан! Всего записей - 2
2019-12-30 21:01:36	Документ №7(2019-11-22). Строка 1: core_DBObject: Запись не найдена
2019-12-30 21:01:36	Документ №7(2019-11-22). Строка 2: core_DBObject: Запись не найдена
2019-12-30 21:01:36	Файл cron/source/20191122_291546971_1801.txt: успешно обработан! Всего записей - 2
2019-12-30 21:01:36	Документ №8(2019-11-27). Строка 1: core_DBObject: Запись не найдена
2019-12-30 21:01:36	Документ №8(2019-11-27). Строка 2: core_DBObject: Запись не найдена
2019-12-30 21:01:36	Документ №8(2019-11-27). Строка 3: 
2019-12-30 21:01:36	Файл cron/source/20191127_291546971_1801.txt: успешно обработан! Всего записей - 4
2019-12-30 21:01:36	Документ №9(2019-11-28). Строка 1: core_DBObject: Запись не найдена
2019-12-30 21:01:36	Документ №9(2019-11-28). Строка 3: core_DBObject: Запись не найдена
2019-12-30 21:01:36	Документ №9(2019-11-28). Строка 4: core_DBObject: Запись не найдена
2019-12-30 21:01:36	Файл cron/source/20191128_291546971_1801.txt: успешно обработан! Всего записей - 3
2019-12-30 21:01:36	Документ №10(2019-11-29). Строка 2: core_DBObject: Запись не найдена
2019-12-30 21:01:36	Документ №10(2019-11-29). Строка 3: core_DBObject: Запись не найдена
2019-12-30 21:01:36	Документ №10(2019-11-29). Строка 4: core_DBObject: Запись не найдена
2019-12-30 21:01:36	Документ №10(2019-11-29). Строка 5: 
2019-12-30 21:01:36	Файл cron/source/20191129_291546971_1801.txt: успешно обработан! Всего записей - 4
2019-12-30 21:04:02	Документ №1(2019-11-01). Строка 1: core_DBObject: Запись не найдена
2019-12-30 21:04:02	Файл cron/source/20191101_291546971_1801.txt: успешно обработан! Всего записей - 1
2019-12-30 21:04:02	Документ №2(2019-11-04). Строка 1: 
2019-12-30 21:04:02	Документ №2(2019-11-04). Строка 2: 
2019-12-30 21:04:02	Документ №2(2019-11-04). Строка 3: 
2019-12-30 21:04:02	Файл cron/source/20191104_291546971_1801.txt: успешно обработан! Всего записей - 3
2019-12-30 21:04:03	Документ №3(2019-11-11). Строка 3: 
2019-12-30 21:04:03	Файл cron/source/20191111_291546971_1801.txt: успешно обработан! Всего записей - 3
2019-12-30 21:04:03	Документ №4(2019-11-12). Строка 1: 
2019-12-30 21:04:03	Документ №4(2019-11-12). Строка 2: 
2019-12-30 21:04:03	Файл cron/source/20191112_291546971_1801.txt: успешно обработан! Всего записей - 2
2019-12-30 21:04:03	Документ №5(2019-11-15). Строка 1: 
2019-12-30 21:04:03	Файл cron/source/20191115_291546971_1801.txt: успешно обработан! Всего записей - 1
2019-12-30 21:04:03	Документ №6(2019-11-19). Строка 1: core_DBObject: Запись не найдена
2019-12-30 21:04:03	Документ №6(2019-11-19). Строка 2: 
2019-12-30 21:04:03	Файл cron/source/20191119_291546971_1801.txt: успешно обработан! Всего записей - 2
2019-12-30 21:04:03	Документ №7(2019-11-22). Строка 1: core_DBObject: Запись не найдена
2019-12-30 21:04:03	Документ №7(2019-11-22). Строка 2: core_DBObject: Запись не найдена
2019-12-30 21:04:03	Файл cron/source/20191122_291546971_1801.txt: успешно обработан! Всего записей - 2
2019-12-30 21:04:03	Документ №8(2019-11-27). Строка 1: core_DBObject: Запись не найдена
2019-12-30 21:04:03	Документ №8(2019-11-27). Строка 2: core_DBObject: Запись не найдена
2019-12-30 21:04:03	Документ №8(2019-11-27). Строка 3: 
2019-12-30 21:04:03	Файл cron/source/20191127_291546971_1801.txt: успешно обработан! Всего записей - 4
2019-12-30 21:04:03	Документ №9(2019-11-28). Строка 1: core_DBObject: Запись не найдена
2019-12-30 21:04:03	Документ №9(2019-11-28). Строка 3: core_DBObject: Запись не найдена
2019-12-30 21:04:03	Документ №9(2019-11-28). Строка 4: core_DBObject: Запись не найдена
2019-12-30 21:04:03	Файл cron/source/20191128_291546971_1801.txt: успешно обработан! Всего записей - 3
2019-12-30 21:04:03	Документ №10(2019-11-29). Строка 2: core_DBObject: Запись не найдена
2019-12-30 21:04:03	Документ №10(2019-11-29). Строка 3: core_DBObject: Запись не найдена
2019-12-30 21:04:03	Документ №10(2019-11-29). Строка 4: core_DBObject: Запись не найдена
2019-12-30 21:04:04	Документ №10(2019-11-29). Строка 5: 
2019-12-30 21:04:04	Файл cron/source/20191129_291546971_1801.txt: успешно обработан! Всего записей - 4
2019-12-30 21:06:07	Документ №1(2019-11-01). Строка 1: core_DBObject: Запись не найдена
2019-12-30 21:06:07	Файл cron/source/20191101_291546971_1801.txt: успешно обработан! Всего записей - 1
2019-12-30 21:06:07	Документ №2(2019-11-04). Строка 1: Пустой номер заявки
2019-12-30 21:06:07	Документ №2(2019-11-04). Строка 2: Пустой номер заявки
2019-12-30 21:06:07	Документ №2(2019-11-04). Строка 3: Пустой номер заявки
2019-12-30 21:06:07	Файл cron/source/20191104_291546971_1801.txt: успешно обработан! Всего записей - 3
2019-12-30 21:06:07	Документ №3(2019-11-11). Строка 3: Пустой номер заявки
2019-12-30 21:06:07	Файл cron/source/20191111_291546971_1801.txt: успешно обработан! Всего записей - 3
2019-12-30 21:06:07	Документ №4(2019-11-12). Строка 1: Пустой номер заявки
2019-12-30 21:06:07	Документ №4(2019-11-12). Строка 2: Пустой номер заявки
2019-12-30 21:06:07	Файл cron/source/20191112_291546971_1801.txt: успешно обработан! Всего записей - 2
2019-12-30 21:06:07	Документ №5(2019-11-15). Строка 1: Пустой номер заявки
2019-12-30 21:06:07	Файл cron/source/20191115_291546971_1801.txt: успешно обработан! Всего записей - 1
2019-12-30 21:06:07	Документ №6(2019-11-19). Строка 1: core_DBObject: Запись не найдена
2019-12-30 21:06:07	Документ №6(2019-11-19). Строка 2: Пустой номер заявки
2019-12-30 21:06:07	Файл cron/source/20191119_291546971_1801.txt: успешно обработан! Всего записей - 2
2019-12-30 21:06:07	Документ №7(2019-11-22). Строка 1: core_DBObject: Запись не найдена
2019-12-30 21:06:07	Документ №7(2019-11-22). Строка 2: core_DBObject: Запись не найдена
2019-12-30 21:06:07	Файл cron/source/20191122_291546971_1801.txt: успешно обработан! Всего записей - 2
2019-12-30 21:06:07	Документ №8(2019-11-27). Строка 1: core_DBObject: Запись не найдена
2019-12-30 21:06:07	Документ №8(2019-11-27). Строка 2: core_DBObject: Запись не найдена
2019-12-30 21:06:07	Документ №8(2019-11-27). Строка 3: Пустой номер заявки
2019-12-30 21:06:07	Файл cron/source/20191127_291546971_1801.txt: успешно обработан! Всего записей - 4
2019-12-30 21:06:07	Документ №9(2019-11-28). Строка 1: core_DBObject: Запись не найдена
2019-12-30 21:06:07	Документ №9(2019-11-28). Строка 3: core_DBObject: Запись не найдена
2019-12-30 21:06:07	Документ №9(2019-11-28). Строка 4: core_DBObject: Запись не найдена
2019-12-30 21:06:07	Файл cron/source/20191128_291546971_1801.txt: успешно обработан! Всего записей - 3
2019-12-30 21:06:07	Документ №10(2019-11-29). Строка 2: core_DBObject: Запись не найдена
2019-12-30 21:06:08	Документ №10(2019-11-29). Строка 3: core_DBObject: Запись не найдена
2019-12-30 21:06:08	Документ №10(2019-11-29). Строка 4: core_DBObject: Запись не найдена
2019-12-30 21:06:08	Документ №10(2019-11-29). Строка 5: Пустой номер заявки
2019-12-30 21:06:08	Файл cron/source/20191129_291546971_1801.txt: успешно обработан! Всего записей - 4
2020-01-04 18:24:06	Документ №20(2019-12-13). Строка 6: Пустой номер заявки
2020-01-04 18:24:07	Документ №20(2019-12-13). Строка 7: Пустой номер заявки
2020-01-04 18:24:07	Документ №20(2019-12-13). Строка 8: Пустой номер заявки
2020-01-04 18:24:07	Документ №20(2019-12-13). Строка 9: core_DBObject: Запись не найдена
2020-01-04 18:24:07	Документ №20(2019-12-13). Строка 10: core_DBObject: Запись не найдена
2020-01-04 18:24:07	Документ №20(2019-12-13). Строка 11: core_DBObject: Запись не найдена
2020-01-04 18:24:07	Документ №20(2019-12-13). Строка 12: core_DBObject: Запись не найдена
2020-01-04 18:24:07	Документ №20(2019-12-13). Строка 13: core_DBObject: Запись не найдена
2020-01-04 18:24:07	Документ №20(2019-12-13). Строка 14: core_DBObject: Запись не найдена
2020-01-04 18:24:07	Файл cron/source/2019-12-13_291546971_1542.txt: успешно обработан! Всего записей - 13
2020-01-15 20:38:23	Не найдены файлы для загрузки
